<?xml version="1.0" encoding="UTF-8"?>
<testng-results ignored="0" total="2" passed="1" failed="1" skipped="0">
  <reporter-output>
  </reporter-output>
  <suite started-at="2022-04-01T15:27:40Z" name="Suite" finished-at="2022-04-01T15:27:58Z" duration-ms="18629">
    <groups>
    </groups>
    <test started-at="2022-04-01T15:27:40Z" name="Test" finished-at="2022-04-01T15:27:58Z" duration-ms="18629">
      <class name="com.instacart.test.HomePageTest">
        <test-method is-config="true" signature="setUp()[pri:0, instance:com.instacart.test.HomePageTest@1750fbeb]" started-at="2022-04-01T15:27:40Z" name="setUp" finished-at="2022-04-01T15:27:47Z" duration-ms="7114" status="PASS">
          <reporter-output>
          </reporter-output>
        </test-method> <!-- setUp -->
        <test-method signature="verifyAddress()[pri:0, instance:com.instacart.test.HomePageTest@1750fbeb]" started-at="2022-04-01T15:27:47Z" name="verifyAddress" finished-at="2022-04-01T15:27:50Z" duration-ms="2879" status="FAIL">
          <exception class="java.lang.AssertionError">
            <message>
              <![CDATA[expected current address doesnot match the actual expected [33 Dunfield Avenue, Toronto, ON M4S0B6] but found [33 Dunfield Avenue, Toronto, ON M4S0B7]]]>
            </message>
            <full-stacktrace>
              <![CDATA[java.lang.AssertionError: expected current address doesnot match the actual expected [33 Dunfield Avenue, Toronto, ON M4S0B6] but found [33 Dunfield Avenue, Toronto, ON M4S0B7]
at org.testng.Assert.fail(Assert.java:96)
at org.testng.Assert.failNotEquals(Assert.java:776)
at org.testng.Assert.assertEqualsImpl(Assert.java:137)
at org.testng.Assert.assertEquals(Assert.java:118)
at org.testng.Assert.assertEquals(Assert.java:453)
at com.instacart.test.HomePageTest.verifyAddress(HomePageTest.java:57)
at java.base/jdk.internal.reflect.NativeMethodAccessorImpl.invoke0(Native Method)
at java.base/jdk.internal.reflect.NativeMethodAccessorImpl.invoke(NativeMethodAccessorImpl.java:77)
at java.base/jdk.internal.reflect.DelegatingMethodAccessorImpl.invoke(DelegatingMethodAccessorImpl.java:43)
at java.base/java.lang.reflect.Method.invoke(Method.java:568)
at org.testng.internal.MethodInvocationHelper.invokeMethod(MethodInvocationHelper.java:124)
at org.testng.internal.Invoker.invokeMethod(Invoker.java:583)
at org.testng.internal.Invoker.invokeTestMethod(Invoker.java:719)
at org.testng.internal.Invoker.invokeTestMethods(Invoker.java:989)
at org.testng.internal.TestMethodWorker.invokeTestMethods(TestMethodWorker.java:125)
at org.testng.internal.TestMethodWorker.run(TestMethodWorker.java:109)
at org.testng.TestRunner.privateRun(TestRunner.java:648)
at org.testng.TestRunner.run(TestRunner.java:505)
at org.testng.SuiteRunner.runTest(SuiteRunner.java:455)
at org.testng.SuiteRunner.runSequentially(SuiteRunner.java:450)
at org.testng.SuiteRunner.privateRun(SuiteRunner.java:415)
at org.testng.SuiteRunner.run(SuiteRunner.java:364)
at org.testng.SuiteRunnerWorker.runSuite(SuiteRunnerWorker.java:52)
at org.testng.SuiteRunnerWorker.run(SuiteRunnerWorker.java:84)
at org.testng.TestNG.runSuitesSequentially(TestNG.java:1208)
at org.testng.TestNG.runSuitesLocally(TestNG.java:1137)
at org.testng.TestNG.runSuites(TestNG.java:1049)
at org.testng.TestNG.run(TestNG.java:1017)
at org.testng.remote.AbstractRemoteTestNG.run(AbstractRemoteTestNG.java:115)
at org.testng.remote.RemoteTestNG.initAndRun(RemoteTestNG.java:251)
at org.testng.remote.RemoteTestNG.main(RemoteTestNG.java:77)
]]>
            </full-stacktrace>
          </exception> <!-- java.lang.AssertionError -->
          <reporter-output>
          </reporter-output>
        </test-method> <!-- verifyAddress -->
        <test-method is-config="true" signature="tearDown()[pri:0, instance:com.instacart.test.HomePageTest@1750fbeb]" started-at="2022-04-01T15:27:50Z" name="tearDown" finished-at="2022-04-01T15:27:50Z" duration-ms="409" status="PASS">
          <reporter-output>
          </reporter-output>
        </test-method> <!-- tearDown -->
        <test-method is-config="true" signature="setUp()[pri:0, instance:com.instacart.test.HomePageTest@1750fbeb]" started-at="2022-04-01T15:27:50Z" name="setUp" finished-at="2022-04-01T15:27:57Z" duration-ms="6260" status="PASS">
          <reporter-output>
          </reporter-output>
        </test-method> <!-- setUp -->
        <test-method signature="verifyStoreName()[pri:0, instance:com.instacart.test.HomePageTest@1750fbeb]" started-at="2022-04-01T15:27:57Z" name="verifyStoreName" finished-at="2022-04-01T15:27:58Z" duration-ms="1179" status="PASS">
          <reporter-output>
          </reporter-output>
        </test-method> <!-- verifyStoreName -->
        <test-method is-config="true" signature="tearDown()[pri:0, instance:com.instacart.test.HomePageTest@1750fbeb]" started-at="2022-04-01T15:27:58Z" name="tearDown" finished-at="2022-04-01T15:27:58Z" duration-ms="431" status="PASS">
          <reporter-output>
          </reporter-output>
        </test-method> <!-- tearDown -->
      </class> <!-- com.instacart.test.HomePageTest -->
    </test> <!-- Test -->
  </suite> <!-- Suite -->
</testng-results>
